<?xml version="1.0" encoding="UTF-8"?>
<testsuite name="ch.abbts.nds.swe.swdt.starter.Logic.EmployeeTest" tests="3" skipped="0" failures="0" errors="0" timestamp="2021-06-03T09:41:00" hostname="CHLFSTL0023" time="0.045">
  <properties/>
  <testcase name="zu Jung..?" classname="ch.abbts.nds.swe.swdt.starter.Logic.EmployeeTest" time="0.038"/>
  <testcase name="Alt genug..?" classname="ch.abbts.nds.swe.swdt.starter.Logic.EmployeeTest" time="0.003"/>
  <testcase name="gleich alt..?" classname="ch.abbts.nds.swe.swdt.starter.Logic.EmployeeTest" time="0.001"/>
  <system-out><![CDATA[]]></system-out>
  <system-err><![CDATA[]]></system-err>
</testsuite>
